<?xml version="1.0" encoding="UTF-8"?>
<!-- Generated by org.testng.reporters.JUnitXMLReporter -->
<testsuite hostname="Umas-MacBook-Pro.local" name="stringProblemTests" tests="8" failures="0" timestamp="11 Apr 2017 06:44:29 GMT" time="0.032" errors="0">
  <testcase name="validateFirstMethod" time="0.007" classname="stringtest.MyTest"/>
  <testcase name="validateFirstMethod" time="0.0" classname="stringtest.MyTest"/>
  <testcase name="validateFirstMethod" time="0.0" classname="stringtest.MyTest"/>
  <testcase name="validateFirstMethod" time="0.001" classname="stringtest.MyTest"/>
  <testcase name="validateSecondMethod" time="0.001" classname="stringtest.MyTest"/>
  <testcase name="validateSecondMethod" time="0.0" classname="stringtest.MyTest"/>
  <testcase name="validateSecondMethod" time="0.0" classname="stringtest.MyTest"/>
  <testcase name="validateSecondMethod" time="0.0" classname="stringtest.MyTest"/>
</testsuite> <!-- stringProblemTests -->
